..\obj-dbg\mangopdf.ilk
..\obj-dbg\mangopdf.pdb
G:\Project\mangopdf\mangopdf\..\obj-dbg\mangopdf.exe
G:\PROJECT\MANGOPDF\MANGOPDF\GENERATEDFILES\DEBUG\MOC_MANGOPDF.CPP
G:\PROJECT\MANGOPDF\MANGOPDF\GENERATEDFILES\QRC_MANGOPDF.CPP
G:\PROJECT\MANGOPDF\MANGOPDF\GENERATEDFILES\UI_MANGOPDF.H
G:\Project\mangopdf\obj-dbg\Debug\cl.command.1.tlog
G:\Project\mangopdf\obj-dbg\Debug\CL.read.1.tlog
G:\Project\mangopdf\obj-dbg\Debug\CL.write.1.tlog
G:\Project\mangopdf\obj-dbg\Debug\custombuild.command.1.tlog
G:\Project\mangopdf\obj-dbg\Debug\custombuild.read.1.tlog
G:\Project\mangopdf\obj-dbg\Debug\custombuild.write.1.tlog
G:\Project\mangopdf\obj-dbg\Debug\link.command.1.tlog
G:\Project\mangopdf\obj-dbg\Debug\link.read.1.tlog
G:\Project\mangopdf\obj-dbg\Debug\link.write.1.tlog
G:\PROJECT\MANGOPDF\OBJ-DBG\DEBUG\MAIN.OBJ
G:\PROJECT\MANGOPDF\OBJ-DBG\DEBUG\MANGOPDF.EXE.INTERMEDIATE.MANIFEST
G:\PROJECT\MANGOPDF\OBJ-DBG\DEBUG\MANGOPDF.OBJ
G:\PROJECT\MANGOPDF\OBJ-DBG\DEBUG\MOC_MANGOPDF.OBJ
G:\Project\mangopdf\obj-dbg\Debug\mt.command.1.tlog
G:\Project\mangopdf\obj-dbg\Debug\mt.read.1.tlog
G:\Project\mangopdf\obj-dbg\Debug\mt.write.1.tlog
G:\PROJECT\MANGOPDF\OBJ-DBG\DEBUG\QRC_MANGOPDF.OBJ
G:\Project\mangopdf\obj-dbg\Debug\rc.command.1.tlog
G:\Project\mangopdf\obj-dbg\Debug\rc.read.1.tlog
G:\Project\mangopdf\obj-dbg\Debug\rc.write.1.tlog
G:\PROJECT\MANGOPDF\OBJ-DBG\DEBUG\VC100.PDB
G:\PROJECT\MANGOPDF\OBJ-DBG\MANGOPDF.EXE
G:\PROJECT\MANGOPDF\OBJ-DBG\MANGOPDF.ILK
G:\PROJECT\MANGOPDF\OBJ-DBG\MANGOPDF.PDB
